<?xml version="1.0" encoding="UTF-8"?>
<!-- Generated by org.testng.reporters.JUnitReportReporter -->
<testsuite hostname="LL15-SGA49-IND" failures="0" tests="2" name="seleniumproject.demo2" time="9.928" errors="0" timestamp="2023-07-22T21:34:14 IST" skipped="0">
  <testcase classname="seleniumproject.demo2" name="getTitle" time="4.554"/>
  <testcase classname="seleniumproject.demo2" name="setup" time="5.374"/>
</testsuite> <!-- seleniumproject.demo2 -->
